{
  "stats": {
    "suites": 1,
    "tests": 1,
    "passes": 1,
    "pending": 0,
    "failures": 0,
    "start": "2022-03-17T18:01:33.498Z",
    "end": "2022-03-17T18:01:41.984Z",
    "duration": 8486,
    "testsRegistered": 1,
    "passPercent": 100,
    "pendingPercent": 0,
    "other": 0,
    "hasOther": false,
    "skipped": 0,
    "hasSkipped": false
  },
  "results": [
    {
      "uuid": "eb1c2502-7c48-488f-9da8-4740270a34c0",
      "title": "",
      "fullFile": "cypress/integration/cadastro.spec.js",
      "file": "cypress/integration/cadastro.spec.js",
      "beforeHooks": [],
      "afterHooks": [],
      "tests": [],
      "suites": [
        {
          "uuid": "3e57b3ae-1700-49b7-bd6e-3bc6ebdab0bf",
          "title": "Cadastro",
          "fullFile": "",
          "file": "",
          "beforeHooks": [],
          "afterHooks": [],
          "tests": [
            {
              "title": "Quando eu informar os dados e finalizar, então o cadastro deve ser efetuado",
              "fullTitle": "Cadastro Quando eu informar os dados e finalizar, então o cadastro deve ser efetuado",
              "timedOut": null,
              "duration": 6253,
              "state": "passed",
              "speed": "medium",
              "pass": true,
              "fail": false,
              "pending": false,
              "context": null,
              "code": "cy.visit('https://form-agilizei.netlify.app'); // Inputs de texto / textarea / email -> type       \ncy.get('input[name=firstName]').type(chance.first());\ncy.get('input[name=lastName]').type(chance.last());\ncy.get('textarea[name=adress]').type(chance.address());\ncy.get('input[name=emailAdress]').type(chance.email()); // Inputs radio / checkbox -> check\ncy.get('input[value=f]').check();\ncy.get('input[type=checkbox]').check('Netflix');\ncy.get('input[type=checkbox]').check('Dormir'); // Inputs do tipo combobox / select -> select\n// force true não é uma boa prática\ncy.get('select#countries').select('Índia', {\n  force: true\n});\ncy.get('select#years').select(chance.year({\n  min: 1980,\n  max: 2020\n}), {\n  force: true\n});\ncy.get('select#months').select('Julho', {\n  force: true\n});\ncy.get('select#days').select(chance.integer({\n  min: 1,\n  max: 20\n}), {\n  force: true\n}); // Inputs de senha -> type\ncy.get('input#firstpassword').type('Abc1234*');\ncy.get('input#secondpassword').type('Abc1234*');\ncy.get('#submitbtn').click();\ncy.url().should('contain', 'listagem');",
              "err": {},
              "uuid": "38ba6a83-201c-4b82-8643-88f3322efe3f",
              "parentUUID": "3e57b3ae-1700-49b7-bd6e-3bc6ebdab0bf",
              "isHook": false,
              "skipped": false
            }
          ],
          "suites": [],
          "passes": [
            "38ba6a83-201c-4b82-8643-88f3322efe3f"
          ],
          "failures": [],
          "pending": [],
          "skipped": [],
          "duration": 6253,
          "root": false,
          "rootEmpty": false,
          "_timeout": 2000
        }
      ],
      "passes": [],
      "failures": [],
      "pending": [],
      "skipped": [],
      "duration": 0,
      "root": true,
      "rootEmpty": true,
      "_timeout": 2000
    }
  ],
  "meta": {
    "mocha": {
      "version": "7.0.1"
    },
    "mochawesome": {
      "options": {
        "quiet": true,
        "reportFilename": "mochawesome",
        "saveHtml": false,
        "saveJson": true,
        "consoleReporter": "spec",
        "useInlineDiffs": false,
        "code": true
      },
      "version": "7.1.2"
    },
    "marge": {
      "options": {
        "id": "default",
        "reportDir": "mochawesome-report",
        "quiet": true,
        "overwrite": false,
        "html": false,
        "json": true
      },
      "version": "6.1.1"
    }
  }
}